  Server.cpp
c:\program files\mysql\connector.c++ 1.1\include\cppconn\sqlstring.h(39): warning C4251: 'sql::SQLString::realStr': class 'std::basic_string<char,std::char_traits<char>,std::allocator<char>>' 必須有 DLL 介面，才能被為 class 'sql::SQLString' 的用戶端使用
  D:\Program Files (x86)\Microsoft Visual Studio 14.0\VC\include\xstring(2633): note: 請參閱 'std::basic_string<char,std::char_traits<char>,std::allocator<char>>' 的宣告
c:\program files\mysql\connector.c++ 1.1\include\cppconn\exception.h(61): warning C4251: 'sql::SQLException::sql_state': class 'std::basic_string<char,std::char_traits<char>,std::allocator<char>>' 必須有 DLL 介面，才能被為 class 'sql::SQLException' 的用戶端使用
  D:\Program Files (x86)\Microsoft Visual Studio 14.0\VC\include\xstring(2633): note: 請參閱 'std::basic_string<char,std::char_traits<char>,std::allocator<char>>' 的宣告
c:\program files\mysql\connector.c++ 1.1\include\cppconn\exception.h(145): warning C4251: 'sql::SQLUnsupportedOptionException::option': class 'std::basic_string<char,std::char_traits<char>,std::allocator<char>>' 必須有 DLL 介面，才能被為 struct 'sql::SQLUnsupportedOptionException' 的用戶端使用
  D:\Program Files (x86)\Microsoft Visual Studio 14.0\VC\include\xstring(2633): note: 請參閱 'std::basic_string<char,std::char_traits<char>,std::allocator<char>>' 的宣告
C:\Program Files\MySQL\Connector.C++ 1.1\include\mysql_connection.h(175): warning C4251: 'sql::mysql::MySQL_Connection::proxy': class 'boost::shared_ptr<sql::mysql::NativeAPI::NativeConnectionWrapper>' 必須有 DLL 介面，才能被為 class 'sql::mysql::MySQL_Connection' 的用戶端使用
  C:\Program Files\MySQL\Connector.C++ 1.1\include\mysql_connection.h(175): note: 請參閱 'boost::shared_ptr<sql::mysql::NativeAPI::NativeConnectionWrapper>' 的宣告
C:\Program Files\MySQL\Connector.C++ 1.1\include\mysql_connection.h(179): warning C4251: 'sql::mysql::MySQL_Connection::service': class 'boost::scoped_ptr<sql::mysql::MySQL_Statement>' 必須有 DLL 介面，才能被為 class 'sql::mysql::MySQL_Connection' 的用戶端使用
  C:\Program Files\MySQL\Connector.C++ 1.1\include\mysql_connection.h(179): note: 請參閱 'boost::scoped_ptr<sql::mysql::MySQL_Statement>' 的宣告
C:\Program Files\MySQL\Connector.C++ 1.1\include\mysql_connection.h(181): warning C4251: 'sql::mysql::MySQL_Connection::intern': class 'boost::scoped_ptr<sql::mysql::MySQL_ConnectionData>' 必須有 DLL 介面，才能被為 class 'sql::mysql::MySQL_Connection' 的用戶端使用
  C:\Program Files\MySQL\Connector.C++ 1.1\include\mysql_connection.h(181): note: 請參閱 'boost::scoped_ptr<sql::mysql::MySQL_ConnectionData>' 的宣告
Server.cpp(71): warning C4267: '=': 將 'size_t' 轉換為 'int'，資料可能遺失
Server.cpp(95): warning C4267: '=': 將 'size_t' 轉換為 'int'，資料可能遺失
Server.cpp(103): warning C4267: '=': 將 'size_t' 轉換為 'int'，資料可能遺失
Server.cpp(111): warning C4267: '=': 將 'size_t' 轉換為 'int'，資料可能遺失
Server.cpp(114): warning C4267: '=': 將 'size_t' 轉換為 'int'，資料可能遺失
Server.cpp(117): warning C4267: '=': 將 'size_t' 轉換為 'int'，資料可能遺失
Server.cpp(125): warning C4267: '=': 將 'size_t' 轉換為 'int'，資料可能遺失
Server.cpp(133): warning C4267: '=': 將 'size_t' 轉換為 'int'，資料可能遺失
Server.cpp(136): warning C4267: '=': 將 'size_t' 轉換為 'int'，資料可能遺失
Server.cpp(220): warning C4267: '=': 將 'size_t' 轉換為 'int'，資料可能遺失
Server.cpp(223): warning C4267: '=': 將 'size_t' 轉換為 'int'，資料可能遺失
Server.cpp(245): warning C4267: '=': 將 'size_t' 轉換為 'int'，資料可能遺失
Server.cpp(248): warning C4267: '=': 將 'size_t' 轉換為 'int'，資料可能遺失
Server.cpp(251): warning C4267: '=': 將 'size_t' 轉換為 'int'，資料可能遺失
Server.cpp(254): warning C4267: '=': 將 'size_t' 轉換為 'int'，資料可能遺失
Server.cpp(296): warning C4267: '=': 將 'size_t' 轉換為 'int'，資料可能遺失
Server.cpp(320): warning C4267: '=': 將 'size_t' 轉換為 'int'，資料可能遺失
Server.cpp(328): warning C4267: '=': 將 'size_t' 轉換為 'int'，資料可能遺失
Server.cpp(331): warning C4267: '=': 將 'size_t' 轉換為 'int'，資料可能遺失
Server.cpp(334): warning C4267: '=': 將 'size_t' 轉換為 'int'，資料可能遺失
Server.cpp(342): warning C4267: '=': 將 'size_t' 轉換為 'int'，資料可能遺失
Server.cpp(350): warning C4267: '=': 將 'size_t' 轉換為 'int'，資料可能遺失
Server.cpp(353): warning C4267: '=': 將 'size_t' 轉換為 'int'，資料可能遺失
Server.cpp(378): warning C4267: '=': 將 'size_t' 轉換為 'int'，資料可能遺失
Server.cpp(402): warning C4267: '=': 將 'size_t' 轉換為 'int'，資料可能遺失
Server.cpp(410): warning C4267: '=': 將 'size_t' 轉換為 'int'，資料可能遺失
Server.cpp(413): warning C4267: '=': 將 'size_t' 轉換為 'int'，資料可能遺失
Server.cpp(416): warning C4267: '=': 將 'size_t' 轉換為 'int'，資料可能遺失
Server.cpp(424): warning C4267: '=': 將 'size_t' 轉換為 'int'，資料可能遺失
Server.cpp(432): warning C4267: '=': 將 'size_t' 轉換為 'int'，資料可能遺失
Server.cpp(435): warning C4267: '=': 將 'size_t' 轉換為 'int'，資料可能遺失
Server.cpp(461): warning C4267: '=': 將 'size_t' 轉換為 'int'，資料可能遺失
Server.cpp(486): warning C4267: '=': 將 'size_t' 轉換為 'int'，資料可能遺失
Server.cpp(494): warning C4267: '=': 將 'size_t' 轉換為 'int'，資料可能遺失
Server.cpp(502): warning C4267: '=': 將 'size_t' 轉換為 'int'，資料可能遺失
Server.cpp(505): warning C4267: '=': 將 'size_t' 轉換為 'int'，資料可能遺失
Server.cpp(508): warning C4267: '=': 將 'size_t' 轉換為 'int'，資料可能遺失
Server.cpp(516): warning C4267: '=': 將 'size_t' 轉換為 'int'，資料可能遺失
Server.cpp(524): warning C4267: '=': 將 'size_t' 轉換為 'int'，資料可能遺失
Server.cpp(527): warning C4267: '=': 將 'size_t' 轉換為 'int'，資料可能遺失
Server.cpp(583): warning C4267: '引數': 將 'size_t' 轉換為 'int'，資料可能遺失
Server.cpp(588): warning C4267: '引數': 將 'size_t' 轉換為 'int'，資料可能遺失
Server.cpp(593): warning C4267: '引數': 將 'size_t' 轉換為 'int'，資料可能遺失
Server.cpp(598): warning C4267: '引數': 將 'size_t' 轉換為 'int'，資料可能遺失
Server.cpp(612): warning C4267: '引數': 將 'size_t' 轉換為 'int'，資料可能遺失
Server.cpp(616): warning C4267: '引數': 將 'size_t' 轉換為 'int'，資料可能遺失
Server.cpp(628): warning C4267: '引數': 將 'size_t' 轉換為 'int'，資料可能遺失
Server.cpp(633): warning C4267: '引數': 將 'size_t' 轉換為 'int'，資料可能遺失
Server.cpp(643): warning C4267: '引數': 將 'size_t' 轉換為 'int'，資料可能遺失
Server.cpp(655): warning C4267: '引數': 將 'size_t' 轉換為 'int'，資料可能遺失
Server.cpp(661): warning C4267: '引數': 將 'size_t' 轉換為 'int'，資料可能遺失
  正在產生程式碼
  2 of 241 functions ( 0.8%) were compiled, the rest were copied from previous compilation.
    0 functions were new in current compilation
    3 functions had inline decision re-evaluated but remain unchanged
  已完成程式碼產生
  Server.vcxproj -> E:\Users\Documents\GitHub\LoRaLocation\SillyWei\C++\Server\x64\Release\Server.exe
  Server.vcxproj -> E:\Users\Documents\GitHub\LoRaLocation\SillyWei\C++\Server\x64\Release\Server.pdb (Full PDB)
